<?xml version="1.0" encoding="UTF-8"?>
<!-- Generated by org.testng.reporters.JUnitXMLReporter -->
<testsuite ignored="5" hostname="IN-PF3QQLQ7" failures="0" tests="5" name="Test" time="45.098" errors="0" timestamp="2024-10-25T11:44:16 IST">
  <testcase classname="AutomateRoyalCanin.TestComponent.LoginPageTest" name="loginTest" time="7.288"/>
  <testcase classname="AutomateRoyalCanin.TestComponent.HomePageTest" name="VerifyUserIcon" time="10.807"/>
  <testcase classname="AutomateRoyalCanin.TestComponent.HomePageTest" name="GoToPLP" time="1.822"/>
  <testcase classname="AutomateRoyalCanin.TestComponent.ProductListPageTest" name="VerifyFilterContainer" time="7.369"/>
  <testcase classname="AutomateRoyalCanin.TestComponent.ProductDetailsPageTest" name="VerifyProductInPDP" time="15.773"/>
  <testcase classname="AutomateRoyalCanin.TestComponent.HomePageTest" name="GoToContactPage" time="0.0">
    <ignored/>
  </testcase> <!-- GoToContactPage -->
  <testcase classname="AutomateRoyalCanin.TestComponent.HomePageTest" name="GoToWhereToBuy" time="0.0">
    <ignored/>
  </testcase> <!-- GoToWhereToBuy -->
  <testcase classname="AutomateRoyalCanin.BaseTest.BaseTest" name="@BeforeSuite launchApplication" time="0.0">
    <ignored/>
  </testcase> <!-- @BeforeSuite launchApplication -->
  <testcase classname="AutomateRoyalCanin.BaseTest.BaseTest" name="@BeforeSuite launchApplication" time="0.0">
    <ignored/>
  </testcase> <!-- @BeforeSuite launchApplication -->
  <testcase classname="AutomateRoyalCanin.TestComponent.HomePageTest" name="goToPLPWithoutFilter" time="0.0">
    <ignored/>
  </testcase> <!-- goToPLPWithoutFilter -->
</testsuite> <!-- Test -->
